starting 3 run query bench for table=lineitem1bssdchar query=qf.10pct.count.sql
query text file:
\timing
SHOW force_parallel_mode;   SHOW max_parallel_workers_per_gather; SHOW max_worker_processes;
EXPLAIN VERBOSE SELECT count(*)  FROM :tname WHERE l_comment ilike '%uriously%';
\o '/dev/null'
SELECT count(*) FROM :tname WHERE l_comment ilike '%uriously%';


1
CACHE CLEARED AND Postgres restarted...READY!!!
\timing
Timing is on.
SHOW force_parallel_mode;   SHOW max_parallel_workers_per_gather; SHOW max_worker_processes;
 force_parallel_mode 
---------------------
 off
(1 row)

Time: 6.601 ms
 max_parallel_workers_per_gather 
---------------------------------
 30
(1 row)

Time: 0.102 ms
 max_worker_processes 
----------------------
 32
(1 row)

Time: 0.056 ms
EXPLAIN VERBOSE SELECT count(*)  FROM :tname WHERE l_comment ilike '%uriously%';
                                                   QUERY PLAN                                                   
----------------------------------------------------------------------------------------------------------------
 Finalize Aggregate  (cost=23490905.85..23490905.86 rows=1 width=8)
   Output: count(*)
   ->  Gather  (cost=23490904.81..23490905.82 rows=10 width=8)
         Output: (PARTIAL count(*))
         Workers Planned: 10
         ->  Partial Aggregate  (cost=23489904.81..23489904.82 rows=1 width=8)
               Output: PARTIAL count(*)
               ->  Parallel Seq Scan on public.lineitem1bssdchar  (cost=0.00..23472223.08 rows=7072694 width=0)
                     Filter: (lineitem1bssdchar.l_comment ~~* '%uriously%'::text)
(9 rows)

Time: 59.982 ms
\o '/dev/null'
SELECT count(*) FROM :tname WHERE l_comment ilike '%uriously%';
Time: 401930.284 ms
result: table=lineitem1bssdchar query=qf.10pct.count.sql time=00402.203806397
1
CACHE CLEARED AND Postgres restarted...READY!!!
\timing
Timing is on.
SHOW force_parallel_mode;   SHOW max_parallel_workers_per_gather; SHOW max_worker_processes;
 force_parallel_mode 
---------------------
 off
(1 row)

Time: 6.607 ms
 max_parallel_workers_per_gather 
---------------------------------
 30
(1 row)

Time: 0.120 ms
 max_worker_processes 
----------------------
 32
(1 row)

Time: 0.075 ms
EXPLAIN VERBOSE SELECT count(*)  FROM :tname WHERE l_comment ilike '%uriously%';
                                                   QUERY PLAN                                                   
----------------------------------------------------------------------------------------------------------------
 Finalize Aggregate  (cost=23490905.85..23490905.86 rows=1 width=8)
   Output: count(*)
   ->  Gather  (cost=23490904.81..23490905.82 rows=10 width=8)
         Output: (PARTIAL count(*))
         Workers Planned: 10
         ->  Partial Aggregate  (cost=23489904.81..23489904.82 rows=1 width=8)
               Output: PARTIAL count(*)
               ->  Parallel Seq Scan on public.lineitem1bssdchar  (cost=0.00..23472223.08 rows=7072694 width=0)
                     Filter: (lineitem1bssdchar.l_comment ~~* '%uriously%'::text)
(9 rows)

Time: 59.953 ms
\o '/dev/null'
SELECT count(*) FROM :tname WHERE l_comment ilike '%uriously%';
Time: 408431.987 ms
result: table=lineitem1bssdchar query=qf.10pct.count.sql time=00408.706660427
1
CACHE CLEARED AND Postgres restarted...READY!!!
\timing
Timing is on.
SHOW force_parallel_mode;   SHOW max_parallel_workers_per_gather; SHOW max_worker_processes;
 force_parallel_mode 
---------------------
 off
(1 row)

Time: 6.585 ms
 max_parallel_workers_per_gather 
---------------------------------
 30
(1 row)

Time: 0.148 ms
 max_worker_processes 
----------------------
 32
(1 row)

Time: 0.062 ms
EXPLAIN VERBOSE SELECT count(*)  FROM :tname WHERE l_comment ilike '%uriously%';
                                                   QUERY PLAN                                                   
----------------------------------------------------------------------------------------------------------------
 Finalize Aggregate  (cost=23490905.85..23490905.86 rows=1 width=8)
   Output: count(*)
   ->  Gather  (cost=23490904.81..23490905.82 rows=10 width=8)
         Output: (PARTIAL count(*))
         Workers Planned: 10
         ->  Partial Aggregate  (cost=23489904.81..23489904.82 rows=1 width=8)
               Output: PARTIAL count(*)
               ->  Parallel Seq Scan on public.lineitem1bssdchar  (cost=0.00..23472223.08 rows=7072694 width=0)
                     Filter: (lineitem1bssdchar.l_comment ~~* '%uriously%'::text)
(9 rows)

Time: 59.920 ms
\o '/dev/null'
SELECT count(*) FROM :tname WHERE l_comment ilike '%uriously%';
Time: 403342.667 ms
result: table=lineitem1bssdchar query=qf.10pct.count.sql time=00403.620845475
1
CACHE CLEARED AND Postgres restarted...READY!!!
\timing
Timing is on.
SHOW force_parallel_mode;   SHOW max_parallel_workers_per_gather; SHOW max_worker_processes;
 force_parallel_mode 
---------------------
 off
(1 row)

Time: 6.591 ms
 max_parallel_workers_per_gather 
---------------------------------
 30
(1 row)

Time: 0.096 ms
 max_worker_processes 
----------------------
 32
(1 row)

Time: 0.059 ms
EXPLAIN VERBOSE SELECT count(*)  FROM :tname WHERE l_comment ilike '%uriously%';
                                                   QUERY PLAN                                                   
----------------------------------------------------------------------------------------------------------------
 Finalize Aggregate  (cost=23490905.85..23490905.86 rows=1 width=8)
   Output: count(*)
   ->  Gather  (cost=23490904.81..23490905.82 rows=10 width=8)
         Output: (PARTIAL count(*))
         Workers Planned: 10
         ->  Partial Aggregate  (cost=23489904.81..23489904.82 rows=1 width=8)
               Output: PARTIAL count(*)
               ->  Parallel Seq Scan on public.lineitem1bssdchar  (cost=0.00..23472223.08 rows=7072694 width=0)
                     Filter: (lineitem1bssdchar.l_comment ~~* '%uriously%'::text)
(9 rows)

Time: 54.354 ms
\o '/dev/null'
SELECT count(*) FROM :tname WHERE l_comment ilike '%uriously%';
Time: 408319.622 ms
result: table=lineitem1bssdchar query=qf.10pct.count.sql time=00408.599903469
