starting 3 run query bench for table=lineitem1bssd query=qa.10pct.sql
query text file:
\timing
SHOW force_parallel_mode;   SHOW max_parallel_workers_per_gather; SHOW max_worker_processes;
EXPLAIN VERBOSE SELECT count(*) FROM :tname WHERE l_extendedprice > 71000;
\o '/dev/null'
SELECT count(*) FROM :tname WHERE l_extendedprice > 71000;

1
CACHE CLEARED AND Postgres restarted...READY!!!
\timing
Timing is on.
SHOW force_parallel_mode;   SHOW max_parallel_workers_per_gather; SHOW max_worker_processes;
 force_parallel_mode 
---------------------
 off
(1 row)

Time: 3.165 ms
 max_parallel_workers_per_gather 
---------------------------------
 30
(1 row)

Time: 0.144 ms
 max_worker_processes 
----------------------
 32
(1 row)

Time: 0.055 ms
EXPLAIN VERBOSE SELECT count(*) FROM :tname WHERE l_extendedprice > 71000;
                                                 QUERY PLAN                                                  
-------------------------------------------------------------------------------------------------------------
 Finalize Aggregate  (cost=21170468.30..21170468.31 rows=1 width=8)
   Output: count(*)
   ->  Gather  (cost=21170467.37..21170468.28 rows=9 width=8)
         Output: (PARTIAL count(*))
         Workers Planned: 9
         ->  Partial Aggregate  (cost=21169467.37..21169467.38 rows=1 width=8)
               Output: PARTIAL count(*)
               ->  Parallel Seq Scan on public.lineitem1bssd  (cost=0.00..21141395.56 rows=11228725 width=0)
                     Filter: (lineitem1bssd.l_extendedprice > '71000'::numeric)
(9 rows)

Time: 84.223 ms
\o '/dev/null'
SELECT count(*) FROM :tname WHERE l_extendedprice > 71000;
Time: 452988.542 ms
result: table=lineitem1bssd query=qa.10pct.sql time=00453.311734594
1
CACHE CLEARED AND Postgres restarted...READY!!!
\timing
Timing is on.
SHOW force_parallel_mode;   SHOW max_parallel_workers_per_gather; SHOW max_worker_processes;
 force_parallel_mode 
---------------------
 off
(1 row)

Time: 3.180 ms
 max_parallel_workers_per_gather 
---------------------------------
 30
(1 row)

Time: 0.094 ms
 max_worker_processes 
----------------------
 32
(1 row)

Time: 0.058 ms
EXPLAIN VERBOSE SELECT count(*) FROM :tname WHERE l_extendedprice > 71000;
                                                 QUERY PLAN                                                  
-------------------------------------------------------------------------------------------------------------
 Finalize Aggregate  (cost=21170468.30..21170468.31 rows=1 width=8)
   Output: count(*)
   ->  Gather  (cost=21170467.37..21170468.28 rows=9 width=8)
         Output: (PARTIAL count(*))
         Workers Planned: 9
         ->  Partial Aggregate  (cost=21169467.37..21169467.38 rows=1 width=8)
               Output: PARTIAL count(*)
               ->  Parallel Seq Scan on public.lineitem1bssd  (cost=0.00..21141395.56 rows=11228725 width=0)
                     Filter: (lineitem1bssd.l_extendedprice > '71000'::numeric)
(9 rows)

Time: 84.038 ms
\o '/dev/null'
SELECT count(*) FROM :tname WHERE l_extendedprice > 71000;
Time: 451936.624 ms
result: table=lineitem1bssd query=qa.10pct.sql time=00452.218559208
1
CACHE CLEARED AND Postgres restarted...READY!!!
\timing
Timing is on.
SHOW force_parallel_mode;   SHOW max_parallel_workers_per_gather; SHOW max_worker_processes;
 force_parallel_mode 
---------------------
 off
(1 row)

Time: 3.169 ms
 max_parallel_workers_per_gather 
---------------------------------
 30
(1 row)

Time: 0.175 ms
 max_worker_processes 
----------------------
 32
(1 row)

Time: 0.164 ms
EXPLAIN VERBOSE SELECT count(*) FROM :tname WHERE l_extendedprice > 71000;
                                                 QUERY PLAN                                                  
-------------------------------------------------------------------------------------------------------------
 Finalize Aggregate  (cost=21170468.30..21170468.31 rows=1 width=8)
   Output: count(*)
   ->  Gather  (cost=21170467.37..21170468.28 rows=9 width=8)
         Output: (PARTIAL count(*))
         Workers Planned: 9
         ->  Partial Aggregate  (cost=21169467.37..21169467.38 rows=1 width=8)
               Output: PARTIAL count(*)
               ->  Parallel Seq Scan on public.lineitem1bssd  (cost=0.00..21141395.56 rows=11228725 width=0)
                     Filter: (lineitem1bssd.l_extendedprice > '71000'::numeric)
(9 rows)

Time: 72.610 ms
\o '/dev/null'
SELECT count(*) FROM :tname WHERE l_extendedprice > 71000;
Time: 452052.998 ms
result: table=lineitem1bssd query=qa.10pct.sql time=00452.323239066
1
CACHE CLEARED AND Postgres restarted...READY!!!
\timing
Timing is on.
SHOW force_parallel_mode;   SHOW max_parallel_workers_per_gather; SHOW max_worker_processes;
 force_parallel_mode 
---------------------
 off
(1 row)

Time: 3.127 ms
 max_parallel_workers_per_gather 
---------------------------------
 30
(1 row)

Time: 0.085 ms
 max_worker_processes 
----------------------
 32
(1 row)

Time: 0.054 ms
EXPLAIN VERBOSE SELECT count(*) FROM :tname WHERE l_extendedprice > 71000;
                                                 QUERY PLAN                                                  
-------------------------------------------------------------------------------------------------------------
 Finalize Aggregate  (cost=21170468.30..21170468.31 rows=1 width=8)
   Output: count(*)
   ->  Gather  (cost=21170467.37..21170468.28 rows=9 width=8)
         Output: (PARTIAL count(*))
         Workers Planned: 9
         ->  Partial Aggregate  (cost=21169467.37..21169467.38 rows=1 width=8)
               Output: PARTIAL count(*)
               ->  Parallel Seq Scan on public.lineitem1bssd  (cost=0.00..21141395.56 rows=11228725 width=0)
                     Filter: (lineitem1bssd.l_extendedprice > '71000'::numeric)
(9 rows)

Time: 78.393 ms
\o '/dev/null'
SELECT count(*) FROM :tname WHERE l_extendedprice > 71000;
Time: 454194.679 ms
result: table=lineitem1bssd query=qa.10pct.sql time=00454.477494169
