starting 3 run query bench for table=lineitem1bssd query=qb.10pct.1col.sql
query text file:
\timing
SHOW force_parallel_mode;   SHOW max_parallel_workers_per_gather; SHOW max_worker_processes;
EXPLAIN VERBOSE SELECT l_orderkey FROM :tname WHERE l_extendedprice > 71000;
\o '/dev/null'
SELECT l_orderkey FROM :tname WHERE l_extendedprice > 71000;
1
CACHE CLEARED AND Postgres restarted...READY!!!
\timing
Timing is on.
SHOW force_parallel_mode;   SHOW max_parallel_workers_per_gather; SHOW max_worker_processes;
 force_parallel_mode 
---------------------
 off
(1 row)

Time: 5.361 ms
 max_parallel_workers_per_gather 
---------------------------------
 30
(1 row)

Time: 0.179 ms
 max_worker_processes 
----------------------
 32
(1 row)

Time: 0.164 ms
EXPLAIN VERBOSE SELECT l_orderkey FROM :tname WHERE l_extendedprice > 71000;
                                           QUERY PLAN                                            
-------------------------------------------------------------------------------------------------
 Gather  (cost=1000.00..31248247.76 rows=101058522 width=4)
   Output: l_orderkey
   Workers Planned: 9
   ->  Parallel Seq Scan on public.lineitem1bssd  (cost=0.00..21141395.56 rows=11228725 width=4)
         Output: l_orderkey
         Filter: (lineitem1bssd.l_extendedprice > '71000'::numeric)
(6 rows)

Time: 55.255 ms
\o '/dev/null'
SELECT l_orderkey FROM :tname WHERE l_extendedprice > 71000;
Time: 452312.386 ms
result: table=lineitem1bssd query=qb.10pct.1col.sql time=00513.293478321
1
CACHE CLEARED AND Postgres restarted...READY!!!
\timing
Timing is on.
SHOW force_parallel_mode;   SHOW max_parallel_workers_per_gather; SHOW max_worker_processes;
 force_parallel_mode 
---------------------
 off
(1 row)

Time: 5.321 ms
 max_parallel_workers_per_gather 
---------------------------------
 30
(1 row)

Time: 0.087 ms
 max_worker_processes 
----------------------
 32
(1 row)

Time: 0.054 ms
EXPLAIN VERBOSE SELECT l_orderkey FROM :tname WHERE l_extendedprice > 71000;
                                           QUERY PLAN                                            
-------------------------------------------------------------------------------------------------
 Gather  (cost=1000.00..31248247.76 rows=101058522 width=4)
   Output: l_orderkey
   Workers Planned: 9
   ->  Parallel Seq Scan on public.lineitem1bssd  (cost=0.00..21141395.56 rows=11228725 width=4)
         Output: l_orderkey
         Filter: (lineitem1bssd.l_extendedprice > '71000'::numeric)
(6 rows)

Time: 51.151 ms
\o '/dev/null'
SELECT l_orderkey FROM :tname WHERE l_extendedprice > 71000;
Time: 427277.944 ms
result: table=lineitem1bssd query=qb.10pct.1col.sql time=00486.379590989
1
CACHE CLEARED AND Postgres restarted...READY!!!
\timing
Timing is on.
SHOW force_parallel_mode;   SHOW max_parallel_workers_per_gather; SHOW max_worker_processes;
 force_parallel_mode 
---------------------
 off
(1 row)

Time: 5.339 ms
 max_parallel_workers_per_gather 
---------------------------------
 30
(1 row)

Time: 0.185 ms
 max_worker_processes 
----------------------
 32
(1 row)

Time: 0.159 ms
EXPLAIN VERBOSE SELECT l_orderkey FROM :tname WHERE l_extendedprice > 71000;
                                           QUERY PLAN                                            
-------------------------------------------------------------------------------------------------
 Gather  (cost=1000.00..31248247.76 rows=101058522 width=4)
   Output: l_orderkey
   Workers Planned: 9
   ->  Parallel Seq Scan on public.lineitem1bssd  (cost=0.00..21141395.56 rows=11228725 width=4)
         Output: l_orderkey
         Filter: (lineitem1bssd.l_extendedprice > '71000'::numeric)
(6 rows)

Time: 50.995 ms
\o '/dev/null'
SELECT l_orderkey FROM :tname WHERE l_extendedprice > 71000;
Time: 454894.612 ms
result: table=lineitem1bssd query=qb.10pct.1col.sql time=00515.310518964
1
CACHE CLEARED AND Postgres restarted...READY!!!
\timing
Timing is on.
SHOW force_parallel_mode;   SHOW max_parallel_workers_per_gather; SHOW max_worker_processes;
 force_parallel_mode 
---------------------
 off
(1 row)

Time: 5.332 ms
 max_parallel_workers_per_gather 
---------------------------------
 30
(1 row)

Time: 0.112 ms
 max_worker_processes 
----------------------
 32
(1 row)

Time: 0.085 ms
EXPLAIN VERBOSE SELECT l_orderkey FROM :tname WHERE l_extendedprice > 71000;
                                           QUERY PLAN                                            
-------------------------------------------------------------------------------------------------
 Gather  (cost=1000.00..31248247.76 rows=101058522 width=4)
   Output: l_orderkey
   Workers Planned: 9
   ->  Parallel Seq Scan on public.lineitem1bssd  (cost=0.00..21141395.56 rows=11228725 width=4)
         Output: l_orderkey
         Filter: (lineitem1bssd.l_extendedprice > '71000'::numeric)
(6 rows)

Time: 51.147 ms
\o '/dev/null'
SELECT l_orderkey FROM :tname WHERE l_extendedprice > 71000;
Time: 428762.791 ms
result: table=lineitem1bssd query=qb.10pct.1col.sql time=00487.972046604
