starting 3 run query bench for table=lineitem1bssd query=qf.10pct.count.sql
query text file:
\timing
SHOW force_parallel_mode;   SHOW max_parallel_workers_per_gather; SHOW max_worker_processes;
EXPLAIN VERBOSE SELECT count(*)  FROM :tname WHERE l_comment ilike '%uriously%';
\o '/dev/null'
SELECT count(*) FROM :tname WHERE l_comment ilike '%uriously%';


1
CACHE CLEARED AND Postgres restarted...READY!!!
\timing
Timing is on.
SHOW force_parallel_mode;   SHOW max_parallel_workers_per_gather; SHOW max_worker_processes;
 force_parallel_mode 
---------------------
 off
(1 row)

Time: 3.250 ms
 max_parallel_workers_per_gather 
---------------------------------
 30
(1 row)

Time: 0.178 ms
 max_worker_processes 
----------------------
 32
(1 row)

Time: 0.142 ms
EXPLAIN VERBOSE SELECT count(*)  FROM :tname WHERE l_comment ilike '%uriously%';
                                                 QUERY PLAN                                                  
-------------------------------------------------------------------------------------------------------------
 Finalize Aggregate  (cost=21175926.64..21175926.65 rows=1 width=8)
   Output: count(*)
   ->  Gather  (cost=21175925.70..21175926.61 rows=9 width=8)
         Output: (PARTIAL count(*))
         Workers Planned: 9
         ->  Partial Aggregate  (cost=21174925.70..21174925.71 rows=1 width=8)
               Output: PARTIAL count(*)
               ->  Parallel Seq Scan on public.lineitem1bssd  (cost=0.00..21141395.56 rows=13412059 width=0)
                     Filter: ((lineitem1bssd.l_comment)::text ~~* '%uriously%'::text)
(9 rows)

Time: 84.125 ms
\o '/dev/null'
SELECT count(*) FROM :tname WHERE l_comment ilike '%uriously%';
Time: 355717.476 ms
result: table=lineitem1bssd query=qf.10pct.count.sql time=00356.027836646
1
CACHE CLEARED AND Postgres restarted...READY!!!
\timing
Timing is on.
SHOW force_parallel_mode;   SHOW max_parallel_workers_per_gather; SHOW max_worker_processes;
 force_parallel_mode 
---------------------
 off
(1 row)

Time: 3.259 ms
 max_parallel_workers_per_gather 
---------------------------------
 30
(1 row)

Time: 0.089 ms
 max_worker_processes 
----------------------
 32
(1 row)

Time: 0.054 ms
EXPLAIN VERBOSE SELECT count(*)  FROM :tname WHERE l_comment ilike '%uriously%';
                                                 QUERY PLAN                                                  
-------------------------------------------------------------------------------------------------------------
 Finalize Aggregate  (cost=21175926.64..21175926.65 rows=1 width=8)
   Output: count(*)
   ->  Gather  (cost=21175925.70..21175926.61 rows=9 width=8)
         Output: (PARTIAL count(*))
         Workers Planned: 9
         ->  Partial Aggregate  (cost=21174925.70..21174925.71 rows=1 width=8)
               Output: PARTIAL count(*)
               ->  Parallel Seq Scan on public.lineitem1bssd  (cost=0.00..21141395.56 rows=13412059 width=0)
                     Filter: ((lineitem1bssd.l_comment)::text ~~* '%uriously%'::text)
(9 rows)

Time: 84.222 ms
\o '/dev/null'
SELECT count(*) FROM :tname WHERE l_comment ilike '%uriously%';
Time: 360343.140 ms
result: table=lineitem1bssd query=qf.10pct.count.sql time=00360.633135435
1
CACHE CLEARED AND Postgres restarted...READY!!!
\timing
Timing is on.
SHOW force_parallel_mode;   SHOW max_parallel_workers_per_gather; SHOW max_worker_processes;
 force_parallel_mode 
---------------------
 off
(1 row)

Time: 3.234 ms
 max_parallel_workers_per_gather 
---------------------------------
 30
(1 row)

Time: 0.149 ms
 max_worker_processes 
----------------------
 32
(1 row)

Time: 0.056 ms
EXPLAIN VERBOSE SELECT count(*)  FROM :tname WHERE l_comment ilike '%uriously%';
                                                 QUERY PLAN                                                  
-------------------------------------------------------------------------------------------------------------
 Finalize Aggregate  (cost=21175926.64..21175926.65 rows=1 width=8)
   Output: count(*)
   ->  Gather  (cost=21175925.70..21175926.61 rows=9 width=8)
         Output: (PARTIAL count(*))
         Workers Planned: 9
         ->  Partial Aggregate  (cost=21174925.70..21174925.71 rows=1 width=8)
               Output: PARTIAL count(*)
               ->  Parallel Seq Scan on public.lineitem1bssd  (cost=0.00..21141395.56 rows=13412059 width=0)
                     Filter: ((lineitem1bssd.l_comment)::text ~~* '%uriously%'::text)
(9 rows)

Time: 84.206 ms
\o '/dev/null'
SELECT count(*) FROM :tname WHERE l_comment ilike '%uriously%';
Time: 360108.763 ms
result: table=lineitem1bssd query=qf.10pct.count.sql time=00360.703622186
1
CACHE CLEARED AND Postgres restarted...READY!!!
\timing
Timing is on.
SHOW force_parallel_mode;   SHOW max_parallel_workers_per_gather; SHOW max_worker_processes;
 force_parallel_mode 
---------------------
 off
(1 row)

Time: 3.264 ms
 max_parallel_workers_per_gather 
---------------------------------
 30
(1 row)

Time: 0.166 ms
 max_worker_processes 
----------------------
 32
(1 row)

Time: 0.156 ms
EXPLAIN VERBOSE SELECT count(*)  FROM :tname WHERE l_comment ilike '%uriously%';
                                                 QUERY PLAN                                                  
-------------------------------------------------------------------------------------------------------------
 Finalize Aggregate  (cost=21175926.64..21175926.65 rows=1 width=8)
   Output: count(*)
   ->  Gather  (cost=21175925.70..21175926.61 rows=9 width=8)
         Output: (PARTIAL count(*))
         Workers Planned: 9
         ->  Partial Aggregate  (cost=21174925.70..21174925.71 rows=1 width=8)
               Output: PARTIAL count(*)
               ->  Parallel Seq Scan on public.lineitem1bssd  (cost=0.00..21141395.56 rows=13412059 width=0)
                     Filter: ((lineitem1bssd.l_comment)::text ~~* '%uriously%'::text)
(9 rows)

Time: 89.553 ms
\o '/dev/null'
SELECT count(*) FROM :tname WHERE l_comment ilike '%uriously%';
Time: 362212.902 ms
result: table=lineitem1bssd query=qf.10pct.count.sql time=00362.526937776
