starting 3 run query bench for table=lineitem1bssdchar query=qf.10pct.sql
query text file:
\timing
SHOW force_parallel_mode;   SHOW max_parallel_workers_per_gather; SHOW max_worker_processes;
EXPLAIN VERBOSE SELECT l_orderkey, l_linenumber, l_comment FROM :tname WHERE l_comment ilike '%uriously%';
\o '/dev/null'
SELECT l_orderkey, l_linenumber, l_comment FROM :tname WHERE l_comment ilike '%uriously%';


1
CACHE CLEARED AND Postgres restarted...READY!!!
\timing
Timing is on.
SHOW force_parallel_mode;   SHOW max_parallel_workers_per_gather; SHOW max_worker_processes;
 force_parallel_mode 
---------------------
 off
(1 row)

Time: 6.485 ms
 max_parallel_workers_per_gather 
---------------------------------
 30
(1 row)

Time: 0.180 ms
 max_worker_processes 
----------------------
 32
(1 row)

Time: 0.166 ms
EXPLAIN VERBOSE SELECT l_orderkey, l_linenumber, l_comment FROM :tname WHERE l_comment ilike '%uriously%';
                                             QUERY PLAN                                              
-----------------------------------------------------------------------------------------------------
 Gather  (cost=1000.00..30545917.18 rows=70726941 width=53)
   Output: l_orderkey, l_linenumber, l_comment
   Workers Planned: 10
   ->  Parallel Seq Scan on public.lineitem1bssdchar  (cost=0.00..23472223.08 rows=7072694 width=53)
         Output: l_orderkey, l_linenumber, l_comment
         Filter: (lineitem1bssdchar.l_comment ~~* '%uriously%'::text)
(6 rows)

Time: 50.993 ms
\o '/dev/null'
SELECT l_orderkey, l_linenumber, l_comment FROM :tname WHERE l_comment ilike '%uriously%';
Time: 401559.861 ms
result: table=lineitem1bssdchar query=qf.10pct.sql time=00704.617017954
1
CACHE CLEARED AND Postgres restarted...READY!!!
\timing
Timing is on.
SHOW force_parallel_mode;   SHOW max_parallel_workers_per_gather; SHOW max_worker_processes;
 force_parallel_mode 
---------------------
 off
(1 row)

Time: 10.137 ms
 max_parallel_workers_per_gather 
---------------------------------
 30
(1 row)

Time: 0.172 ms
 max_worker_processes 
----------------------
 32
(1 row)

Time: 0.066 ms
EXPLAIN VERBOSE SELECT l_orderkey, l_linenumber, l_comment FROM :tname WHERE l_comment ilike '%uriously%';
                                             QUERY PLAN                                              
-----------------------------------------------------------------------------------------------------
 Gather  (cost=1000.00..30545917.18 rows=70726941 width=53)
   Output: l_orderkey, l_linenumber, l_comment
   Workers Planned: 10
   ->  Parallel Seq Scan on public.lineitem1bssdchar  (cost=0.00..23472223.08 rows=7072694 width=53)
         Output: l_orderkey, l_linenumber, l_comment
         Filter: (lineitem1bssdchar.l_comment ~~* '%uriously%'::text)
(6 rows)

Time: 45.289 ms
\o '/dev/null'
SELECT l_orderkey, l_linenumber, l_comment FROM :tname WHERE l_comment ilike '%uriously%';
Time: 408019.590 ms
result: table=lineitem1bssdchar query=qf.10pct.sql time=00709.392394212
1
CACHE CLEARED AND Postgres restarted...READY!!!
\timing
Timing is on.
SHOW force_parallel_mode;   SHOW max_parallel_workers_per_gather; SHOW max_worker_processes;
 force_parallel_mode 
---------------------
 off
(1 row)

Time: 6.451 ms
 max_parallel_workers_per_gather 
---------------------------------
 30
(1 row)

Time: 0.183 ms
 max_worker_processes 
----------------------
 32
(1 row)

Time: 0.164 ms
EXPLAIN VERBOSE SELECT l_orderkey, l_linenumber, l_comment FROM :tname WHERE l_comment ilike '%uriously%';
                                             QUERY PLAN                                              
-----------------------------------------------------------------------------------------------------
 Gather  (cost=1000.00..30545917.18 rows=70726941 width=53)
   Output: l_orderkey, l_linenumber, l_comment
   Workers Planned: 10
   ->  Parallel Seq Scan on public.lineitem1bssdchar  (cost=0.00..23472223.08 rows=7072694 width=53)
         Output: l_orderkey, l_linenumber, l_comment
         Filter: (lineitem1bssdchar.l_comment ~~* '%uriously%'::text)
(6 rows)

Time: 45.228 ms
\o '/dev/null'
SELECT l_orderkey, l_linenumber, l_comment FROM :tname WHERE l_comment ilike '%uriously%';
Time: 402964.891 ms
result: table=lineitem1bssdchar query=qf.10pct.sql time=00707.512893659
1
CACHE CLEARED AND Postgres restarted...READY!!!
\timing
Timing is on.
SHOW force_parallel_mode;   SHOW max_parallel_workers_per_gather; SHOW max_worker_processes;
 force_parallel_mode 
---------------------
 off
(1 row)

Time: 6.473 ms
 max_parallel_workers_per_gather 
---------------------------------
 30
(1 row)

Time: 0.108 ms
 max_worker_processes 
----------------------
 32
(1 row)

Time: 0.081 ms
EXPLAIN VERBOSE SELECT l_orderkey, l_linenumber, l_comment FROM :tname WHERE l_comment ilike '%uriously%';
                                             QUERY PLAN                                              
-----------------------------------------------------------------------------------------------------
 Gather  (cost=1000.00..30545917.18 rows=70726941 width=53)
   Output: l_orderkey, l_linenumber, l_comment
   Workers Planned: 10
   ->  Parallel Seq Scan on public.lineitem1bssdchar  (cost=0.00..23472223.08 rows=7072694 width=53)
         Output: l_orderkey, l_linenumber, l_comment
         Filter: (lineitem1bssdchar.l_comment ~~* '%uriously%'::text)
(6 rows)

Time: 51.157 ms
\o '/dev/null'
SELECT l_orderkey, l_linenumber, l_comment FROM :tname WHERE l_comment ilike '%uriously%';
Time: 408000.999 ms
result: table=lineitem1bssdchar query=qf.10pct.sql time=00707.363585561
